This is TeX, Version 3.14159265 (TeX Live 2020) (preloaded format=tex 2021.3.4)  13 MAR 2021 00:08
**cs-all
(/usr/local/texlive/2020/texmf-dist/tex/csplain/fonts/cs-all.tex
\ttoks=\toks12

----------- Font packages from csplain available -----------
ctimes :  == Times ==
   \rm , \it , \bf , \bi , \tt 
cavant :  == AvantGarde ==
   \rm , \it , \bf , \bi , \tt 
cbookman :  == Bookman ==
   \rm , \it , \bf , \bi , \tt 
chelvet :  == Helvetica ==
   \rm , \it , \bf , \bi , \tt , \cond \rm , ..., \cond \bi 
cncent :  == NewCentury ==
   \rm , \it , \bf , \bi , \tt 
cpalatin :  == Palatino ==
   \rm , \it , \bf , \bi , \tt .
cs-bera :  == Bera ==
   \rm , \it , \bf , \bi , \rms , ..., \bis , \tt , \ttit , \ttbf , \ttbi 
cs-arev :  == ArevSans ==
   \rm , \it , \bf , \bi 
cs-charter :  == Charter ==
   \rm , \it , \bf , \bi 
cs-antt :  == Antykwa Torunska ==
   \rm , \it , \bf , \bi , \lr , \li , \mr , \mi , \caps \rm ...
cs-polta :  == Antykwa Poltawskiego ==
   \rm ,\it ,\bf ,\bi ,\lr ,\li ,\mr ,\mi ,\caps \rm ...
cs-termes :  == TeX Gyre Termes ==
   \rm , \it , \bf , \bi , \caps \rm , ...
cs-adventor :  == TeX Gyre Adventor ==
   \rm , \it , \bf , \bi , \caps \rm , ...
cs-bonum :  == TeX Gyre Bonum ==
   \rm , \it , \bf , \bi , \caps \rm , ...
cs-heros :  == TeX Grye Heros ==
   \rm , \it , \bf , \bi , \caps \rm , ..., \narrow 
cs-pagella :  == TeX Gyre Pagella ==
   \rm , \it , \bf , \bi , \caps \rm , ...
cs-schola :  == TeX Gyre Schola ==
   \rm , \it , \bf , \bi , \caps \rm , ...
cs-cursor :  == TeX Gyre Cursor ==
   \rm , \it , \bf , \bi , \caps \rm , ...
lmfonts :  == Latin Modern ==
   \rm , \it , \bf , \bi + math
kp-fonts :  == KP-fonts ==
   \rm , \it , \bf , \bi + many font modifiers + math
cs-libertine :  == Linux Libertine ==
   \rm , \it , \bf , \bi + mono, Unicode only
tx-math :  == TX math fonts ==
   14 families, \mathchardef 's prepared. Loaded automatically.
ntx-math :  == NTX math fonts ==
   14 families, \mathchardef 's prepared. Another TX.
ams-math :  == AMS math fonts ==
   12 families, \mathchardef 's prepared. You can load it.
uni-math :  == Unocode Math font ==
   given by \unimathfont macro
)
*
! Interruption.
<*> 
    
? 
(Please type a command or say `\end')
*\end
No pages of output.
