This is pdfTeX, Version 3.14159265-2.6-1.40.21 (TeX Live 2020) (preloaded format=pdfcsplain 2021.2.25)  18 MAR 2021 13:29
entering extended mode
 restricted \write18 enabled.
 %&-line parsing enabled.
 encTeX v. Jun. 2004, reencoding enabled
**ukol
(./ukol.tex The format: csplain <Mar. 2019>.
The cs-fonts are preloaded and A4 size implicitly defined.
The utf8->iso8859-2 re-encoding of Czech+Slovak alphabet activated by encTeX
(./makra.tex (/usr/local/texlive/2020/texmf-dist/tex/csplain/opmac/opmac.tex
This is OPmac (Olsak's Plain macros), version <Apr. 2020>
\tmpnum=\count28
\tmpdim=\dimen16
\iindent=\dimen17
\ttindent=\dimen18
\colsep=\dimen19
\mnoteindent=\dimen20
\mnotesize=\dimen21
\titskip=\skip18
\ptunit=\dimen22
\fontdim=\dimen23
(/usr/local/texlive/2020/texmf-dist/tex/csplain/fonts/ams-math.tex
FONT: AMS math fonts - \mathchardef's prepared, 12 math families preloaded.
\ptmunit=\dimen24
)
The \^, \`, \', \v, \" and \r expands to characters by ISO-8859-2.
\reffile=\write0
\testin=\read0
\chapnum=\count29
\secnum=\count30
\seccnum=\count31
\nonumnum=\count32
\remskipamount=\skip19
\tnum=\count33
\fnum=\count34
\dnum=\count35
\itemnum=\count36
\mullines=\count37
\oulnum=\count38
\ttline=\count39
\viline=\count40
\vifile=\read1
\tabdata=\toks12
\colnum=\count41
\drulewidth=\dimen25
\picwidth=\dimen26
\picheight=\dimen27
\fnotenum=\count42
\fnotenumlocal=\count43
\mnotenum=\count44
\mnoteskip=\dimen28
\auxfile=\write1
\bibnum=\count45
\bibmark=\toks13
\lastcitenum=\count46
\lastpage=\count47
\pgwidth=\dimen29
\pgheight=\dimen30
\shiftoffset=\dimen31
 (./ukol.ref)
\openout0 = `ukol.ref'.

) cs hyphenation used (\language=5). \frenchspacing is set on.
(/usr/local/texlive/2020/texmf-dist/tex/csplain/fonts/cs-schola.tex
(/usr/local/texlive/2020/texmf-dist/tex/csplain/fonts/ff-mac.tex)
FONT: TG Schola - {\caps } {\rm \bf \it \bi } +TX
(/usr/local/texlive/2020/texmf-dist/tex/csplain/fonts/chars-8z.tex)
(/usr/local/texlive/2020/texmf-dist/tex/csplain/fonts/tx-math.tex
FONT: TX math fonts - \mathchardef's prepared, 14 math families preloaded.))
\ptem=\dimen32
\Capsize=\dimen33
\Capabove=\dimen34
\Capafter=\dimen35
)
Underfull \hbox (badness 1371) in paragraph at lines 31--31
\tenrm Zkuste vytvořit tři sloupce,

\hbox(8.04099+2.26599)x147.95424, glue set 2.39427
.\tenrm Z
.\tenrm k
.\tenrm u
.\tenrm s
.\kern-0.11002
.\tenrm t
.\kern0.055
.\tenrm e
.\glue 3.058 plus 1.52899 minus 1.02298
.\tenrm v
.\tenrm y
.\tenrm t
.\tenrm v
.\kern-0.27501
.\tenrm o
.\tenrm ř
.\tenrm i
.\tenrm t
.\glue 3.058 plus 1.52899 minus 1.02298
.\tenrm t
.\tenrm ř
.\tenrm i
.\glue 3.058 plus 1.52899 minus 1.02298
.\tenrm s
.\tenrm l
.\tenrm o
.\tenrm u
.\tenrm p
.\tenrm c
.\tenrm e
.etc.


Underfull \hbox (badness 1178) in paragraph at lines 31--31
\tenrm které jsou vertikálně umís-

\hbox(8.04099+2.222)x147.95424, glue set 2.27676
.\tenrm k
.\tenrm t
.\kern0.055
.\tenrm e
.\tenrm r
.\tenrm é
.\glue 3.058 plus 1.52899 minus 1.02298
.\tenrm j
.\tenrm s
.\tenrm o
.\tenrm u
.\glue 3.058 plus 1.52899 minus 1.02298
.\tenrm v
.\kern-0.27501
.\tenrm e
.\tenrm r
.\kern0.21999
.\tenrm t
.\tenrm i
.\tenrm k
.\tenrm á
.\tenrm l
.\tenrm n
.\tenrm ě
.\glue 3.058 plus 1.52899 minus 1.02298
.\tenrm u
.\tenrm m
.\tenrm í
.\tenrm s
.\discretionary
.etc.


Underfull \hbox (badness 2409) in paragraph at lines 31--31
\tenrm těny tak, že mají společně

\hbox(8.04099+2.26599)x147.95424, glue set 2.88922
.\tenrm t
.\kern0.055
.\tenrm ě
.\tenrm n
.\kern-0.49501
.\tenrm y
.\glue 3.058 plus 1.52899 minus 1.02298
.\tenrm t
.\kern0.055
.\tenrm a
.\tenrm k
.\tenrm ,
.\glue 3.058 plus 1.52899 minus 1.02298
.\tenrm ž
.\tenrm e
.\glue 3.058 plus 1.52899 minus 1.02298
.\tenrm m
.\tenrm a
.\kern-0.33002
.\tenrm j
.\tenrm í
.\glue 3.058 plus 1.52899 minus 1.02298
.\tenrm s
.\tenrm p
.\tenrm o
.\tenrm l
.\tenrm e
.\tenrm č
.\tenrm n
.\tenrm ě
.etc.


Underfull \hbox (badness 1418) in paragraph at lines 35--35
\tenrm mená do společného \tentt \hbox\tenrm )

\hbox(8.04099+2.222)x147.95424, glue set 2.42307
.\tenrm m
.\tenrm e
.\tenrm n
.\tenrm á
.\glue 3.058 plus 1.52899 minus 1.02298
.\tenrm d
.\tenrm o
.\glue 3.058 plus 1.52899 minus 1.02298
.\tenrm s
.\tenrm p
.\tenrm o
.\tenrm l
.\tenrm e
.\tenrm č
.\tenrm n
.\tenrm é
.\tenrm h
.\tenrm o
.\glue 3.058 plus 1.52899 minus 1.02298
.\tentt \
.\tentt h
.\tentt b
.\tentt o
.\tentt x
.\tenrm )
.\glue(\rightskip) 0.0

[1{/usr/local/texlive/2020/texmf-var/fonts/map/pdftex/updmap/pdftex.map}] ){/us
r/local/texlive/2020/texmf-dist/fonts/enc/dvips/tex-gyre/q-cs.enc}</usr/local/t
exlive/2020/texmf-dist/fonts/type1/public/cs/cstt10.pfb></usr/local/texlive/202
0/texmf-dist/fonts/type1/public/cs/cstt9.pfb></usr/local/texlive/2020/texmf-dis
t/fonts/type1/public/tex-gyre/qcsb.pfb></usr/local/texlive/2020/texmf-dist/font
s/type1/public/tex-gyre/qcsr.pfb></usr/local/texlive/2020/texmf-dist/fonts/type
1/public/tex-gyre/qcsri.pfb></usr/local/texlive/2020/texmf-dist/fonts/type1/pub
lic/txfonts/rtxmi.pfb></usr/local/texlive/2020/texmf-dist/fonts/type1/public/tx
fonts/rtxr.pfb></usr/local/texlive/2020/texmf-dist/fonts/type1/public/txfonts/t
xex.pfb></usr/local/texlive/2020/texmf-dist/fonts/type1/public/txfonts/txsy.pfb
></usr/local/texlive/2020/texmf-dist/fonts/type1/public/txfonts/txsyb.pfb>
Output written on ukol.pdf (1 page, 101486 bytes).
PDF statistics:
 53 PDF objects out of 1000 (max. 8388607)
 39 compressed objects within 1 object stream
 1 named destinations out of 1000 (max. 500000)
 1 words of extra memory for PDF output out of 10000 (max. 10000000)

